Log file opened on Wed Mar 23 15:39:51 2016
Host: portmax2  pid: 25687  rank ID: 0  number of ranks:  1
GROMACS:    gmx mdrun, VERSION 5.0.6

GROMACS is written by:
Emile Apol         Rossen Apostolov   Herman J.C. Berendsen Par Bjelkmar       
Aldert van Buuren  Rudi van Drunen    Anton Feenstra     Sebastian Fritsch  
Gerrit Groenhof    Christoph Junghans Peter Kasson       Carsten Kutzner    
Per Larsson        Justin A. Lemkul   Magnus Lundborg    Pieter Meulenhoff  
Erik Marklund      Teemu Murtola      Szilard Pall       Sander Pronk       
Roland Schulz      Alexey Shvetsov    Michael Shirts     Alfons Sijbers     
Peter Tieleman     Christian Wennberg Maarten Wolf       
and the project leaders:
Mark Abraham, Berk Hess, Erik Lindahl, and David van der Spoel

Copyright (c) 1991-2000, University of Groningen, The Netherlands.
Copyright (c) 2001-2014, The GROMACS development team at
Uppsala University, Stockholm University and
the Royal Institute of Technology, Sweden.
check out http://www.gromacs.org for more information.

GROMACS is free software; you can redistribute it and/or modify it
under the terms of the GNU Lesser General Public License
as published by the Free Software Foundation; either version 2.1
of the License, or (at your option) any later version.

GROMACS:      gmx mdrun, VERSION 5.0.6
Executable:   /usr/bin/gmx
Library dir:  /usr/share/gromacs/top
Command line:
  gmx mdrun -ntomp 1 -ntmpi 4 -deffnm eql -v

Gromacs version:    VERSION 5.0.6
Precision:          single
Memory model:       64 bit
MPI library:        thread_mpi
OpenMP support:     enabled
GPU support:        disabled
invsqrt routine:    gmx_software_invsqrt(x)
SIMD instructions:  SSE2
FFT library:        fftw-3.3.4-sse2-avx
RDTSCP usage:       enabled
C++11 compilation:  enabled
TNG support:        enabled
Tracing support:    disabled
Built on:           Mon Jul 27 05:11:28 UTC 2015
Built by:           buildd@lgw01-56 [CMAKE]
Build OS/arch:      Linux 3.19.0-23-generic x86_64
Build CPU vendor:   GenuineIntel
Build CPU brand:    Intel Xeon E312xx (Sandy Bridge)
Build CPU family:   6   Model: 42   Stepping: 1
Build CPU features: aes apic avx clfsh cmov cx8 cx16 f16c lahf_lm mmx msr pcid pclmuldq pdpe1gb popcnt pse rdrnd rdtscp sse2 sse3 sse4.1 sse4.2 ssse3 tdt x2apic
C compiler:         /usr/bin/x86_64-linux-gnu-gcc GNU 4.9.3
C compiler flags:    -msse2   -g -O2 -fstack-protector-strong -Wformat -Werror=format-security -D_FORTIFY_SOURCE=2  -Wno-maybe-uninitialized -Wextra -Wno-missing-field-initializers -Wno-sign-compare -Wpointer-arith -Wall -Wno-unused -Wunused-value -Wunused-parameter  -O3 -DNDEBUG -fomit-frame-pointer -funroll-all-loops -fexcess-precision=fast  -Wno-array-bounds 
C++ compiler:       /usr/bin/x86_64-linux-gnu-g++ GNU 4.9.3
C++ compiler flags:  -msse2   -std=c++0x -g -O2 -fstack-protector-strong -Wformat -Werror=format-security -D_FORTIFY_SOURCE=2  -Wextra -Wno-missing-field-initializers -Wpointer-arith -Wall -Wno-unused-function  -O3 -DNDEBUG -fomit-frame-pointer -funroll-all-loops -fexcess-precision=fast  -Wno-array-bounds 
Boost version:      1.55.0 (external)



++++ PLEASE READ AND CITE THE FOLLOWING REFERENCE ++++
S. Páll, M. J. Abraham, C. Kutzner, B. Hess, E. Lindahl
Tackling Exascale Software Challenges in Molecular Dynamics Simulations with
GROMACS
In S. Markidis & E. Laure (Eds.), Solving Software Challenges for Exascale 8759 (2015) pp. 3–27
-------- -------- --- Thank You --- -------- --------


++++ PLEASE READ AND CITE THE FOLLOWING REFERENCE ++++
S. Pronk, S. Páll, R. Schulz, P. Larsson, P. Bjelkmar, R. Apostolov, M. R.
Shirts, J. C. Smith, P. M. Kasson, D. van der Spoel, B. Hess, and E. Lindahl
GROMACS 4.5: a high-throughput and highly parallel open source molecular
simulation toolkit
Bioinformatics 29 (2013) pp. 845-54
-------- -------- --- Thank You --- -------- --------


++++ PLEASE READ AND CITE THE FOLLOWING REFERENCE ++++
B. Hess and C. Kutzner and D. van der Spoel and E. Lindahl
GROMACS 4: Algorithms for highly efficient, load-balanced, and scalable
molecular simulation
J. Chem. Theory Comput. 4 (2008) pp. 435-447
-------- -------- --- Thank You --- -------- --------


++++ PLEASE READ AND CITE THE FOLLOWING REFERENCE ++++
D. van der Spoel, E. Lindahl, B. Hess, G. Groenhof, A. E. Mark and H. J. C.
Berendsen
GROMACS: Fast, Flexible and Free
J. Comp. Chem. 26 (2005) pp. 1701-1719
-------- -------- --- Thank You --- -------- --------


++++ PLEASE READ AND CITE THE FOLLOWING REFERENCE ++++
E. Lindahl and B. Hess and D. van der Spoel
GROMACS 3.0: A package for molecular simulation and trajectory analysis
J. Mol. Mod. 7 (2001) pp. 306-317
-------- -------- --- Thank You --- -------- --------


++++ PLEASE READ AND CITE THE FOLLOWING REFERENCE ++++
H. J. C. Berendsen, D. van der Spoel and R. van Drunen
GROMACS: A message-passing parallel molecular dynamics implementation
Comp. Phys. Comm. 91 (1995) pp. 43-56
-------- -------- --- Thank You --- -------- --------

Input Parameters:
   integrator                     = md
   tinit                          = 0
   dt                             = 0.002
   nsteps                         = 500000
   init-step                      = 0
   simulation-part                = 1
   comm-mode                      = Linear
   nstcomm                        = 100
   bd-fric                        = 0
   ld-seed                        = 4075487794
   emtol                          = 10
   emstep                         = 0.01
   niter                          = 20
   fcstep                         = 0
   nstcgsteep                     = 1000
   nbfgscorr                      = 10
   rtpi                           = 0.05
   nstxout                        = 0
   nstvout                        = 0
   nstfout                        = 0
   nstlog                         = 500000000
   nstcalcenergy                  = 100
   nstenergy                      = 500000000
   nstxout-compressed             = 500000000
   compressed-x-precision         = 1000
   cutoff-scheme                  = Group
   nstlist                        = 10
   ns-type                        = Grid
   pbc                            = xyz
   periodic-molecules             = FALSE
   verlet-buffer-tolerance        = 0.005
   rlist                          = 1
   rlistlong                      = 1
   nstcalclr                      = 0
   coulombtype                    = PME
   coulomb-modifier               = None
   rcoulomb-switch                = 0
   rcoulomb                       = 1
   epsilon-r                      = 1
   epsilon-rf                     = inf
   vdw-type                       = Cut-off
   vdw-modifier                   = None
   rvdw-switch                    = 0
   rvdw                           = 1
   DispCorr                       = EnerPres
   table-extension                = 1
   fourierspacing                 = 0.12
   fourier-nx                     = 25
   fourier-ny                     = 25
   fourier-nz                     = 25
   pme-order                      = 4
   ewald-rtol                     = 1e-05
   ewald-rtol-lj                  = 0.001
   lj-pme-comb-rule               = Geometric
   ewald-geometry                 = 0
   epsilon-surface                = 0
   implicit-solvent               = No
   gb-algorithm                   = Still
   nstgbradii                     = 1
   rgbradii                       = 1
   gb-epsilon-solvent             = 80
   gb-saltconc                    = 0
   gb-obc-alpha                   = 1
   gb-obc-beta                    = 0.8
   gb-obc-gamma                   = 4.85
   gb-dielectric-offset           = 0.009
   sa-algorithm                   = Ace-approximation
   sa-surface-tension             = 2.05016
   tcoupl                         = Nose-Hoover
   nsttcouple                     = 10
   nh-chain-length                = 1
   print-nose-hoover-chain-variables = FALSE
   pcoupl                         = No
   pcoupltype                     = Isotropic
   nstpcouple                     = -1
   tau-p                          = 1
   compressibility (3x3):
      compressibility[    0]={ 0.00000e+00,  0.00000e+00,  0.00000e+00}
      compressibility[    1]={ 0.00000e+00,  0.00000e+00,  0.00000e+00}
      compressibility[    2]={ 0.00000e+00,  0.00000e+00,  0.00000e+00}
   ref-p (3x3):
      ref-p[    0]={ 0.00000e+00,  0.00000e+00,  0.00000e+00}
      ref-p[    1]={ 0.00000e+00,  0.00000e+00,  0.00000e+00}
      ref-p[    2]={ 0.00000e+00,  0.00000e+00,  0.00000e+00}
   refcoord-scaling               = No
   posres-com (3):
      posres-com[0]= 0.00000e+00
      posres-com[1]= 0.00000e+00
      posres-com[2]= 0.00000e+00
   posres-comB (3):
      posres-comB[0]= 0.00000e+00
      posres-comB[1]= 0.00000e+00
      posres-comB[2]= 0.00000e+00
   QMMM                           = FALSE
   QMconstraints                  = 0
   QMMMscheme                     = 0
   MMChargeScaleFactor            = 1
qm-opts:
   ngQM                           = 0
   constraint-algorithm           = Lincs
   continuation                   = FALSE
   Shake-SOR                      = FALSE
   shake-tol                      = 0.0001
   lincs-order                    = 4
   lincs-iter                     = 1
   lincs-warnangle                = 30
   nwall                          = 0
   wall-type                      = 9-3
   wall-r-linpot                  = -1
   wall-atomtype[0]               = -1
   wall-atomtype[1]               = -1
   wall-density[0]                = 0
   wall-density[1]                = 0
   wall-ewald-zfac                = 3
   pull                           = no
   rotation                       = FALSE
   interactiveMD                  = FALSE
   disre                          = No
   disre-weighting                = Conservative
   disre-mixed                    = FALSE
   dr-fc                          = 1000
   dr-tau                         = 0
   nstdisreout                    = 100
   orire-fc                       = 0
   orire-tau                      = 0
   nstorireout                    = 100
   free-energy                    = no
   cos-acceleration               = 0
   deform (3x3):
      deform[    0]={ 0.00000e+00,  0.00000e+00,  0.00000e+00}
      deform[    1]={ 0.00000e+00,  0.00000e+00,  0.00000e+00}
      deform[    2]={ 0.00000e+00,  0.00000e+00,  0.00000e+00}
   simulated-tempering            = FALSE
   E-x:
      n = 0
   E-xt:
      n = 0
   E-y:
      n = 0
   E-yt:
      n = 0
   E-z:
      n = 0
   E-zt:
      n = 0
   swapcoords                     = no
   adress                         = FALSE
   userint1                       = 0
   userint2                       = 0
   userint3                       = 0
   userint4                       = 0
   userreal1                      = 0
   userreal2                      = 0
   userreal3                      = 0
   userreal4                      = 0
grpopts:
   nrdf:        5223
   ref-t:      298.15
   tau-t:           2
annealing:          No
annealing-npoints:           0
   acc:	           0           0           0
   nfreeze:           N           N           N
   energygrp-flags[  0]: 0

Initializing Domain Decomposition on 4 ranks
Dynamic load balancing: auto
Will sort the charge groups at every domain (re)decomposition
Using 0 separate PME ranks, as there are too few total
 ranks for efficient splitting
Scaling the initial minimum size with 1/0.8 (option -dds) = 1.25
Optimizing the DD grid for 4 cells with a minimum initial size of 0.000 nm
Domain decomposition grid 4 x 1 x 1, separate PME ranks 0
PME domain decomposition: 4 x 1 x 1
Domain decomposition rank 0, coordinates 0 0 0

Using 4 MPI threads

Detecting CPU SIMD instructions.
Present hardware specification:
Vendor: GenuineIntel
Brand:  Intel(R) Core(TM) i7-4860HQ CPU @ 2.40GHz
Family:  6  Model: 70  Stepping:  1
Features: aes apic avx avx2 clfsh cmov cx8 cx16 f16c fma htt lahf_lm mmx msr nonstop_tsc pcid pclmuldq pdcm pdpe1gb popcnt pse rdrnd rdtscp sse2 sse3 sse4.1 sse4.2 ssse3 tdt x2apic
SIMD instructions most likely to fit this hardware: AVX2_256
SIMD instructions selected at GROMACS compile time: SSE2


Binary not matching hardware - you might be losing performance.
SIMD instructions most likely to fit this hardware: AVX2_256
SIMD instructions selected at GROMACS compile time: SSE2


NOTE: This file uses the deprecated 'group' cutoff_scheme. This will be
removed in a future release when 'verlet' supports all interaction forms.

Table routines are used for coulomb: FALSE
Table routines are used for vdw:     FALSE
Will do PME sum in reciprocal space for electrostatic interactions.

++++ PLEASE READ AND CITE THE FOLLOWING REFERENCE ++++
U. Essmann, L. Perera, M. L. Berkowitz, T. Darden, H. Lee and L. G. Pedersen 
A smooth particle mesh Ewald method
J. Chem. Phys. 103 (1995) pp. 8577-8592
-------- -------- --- Thank You --- -------- --------

Will do ordinary reciprocal space Ewald sum.
Using a Gaussian width (1/beta) of 0.320163 nm for Ewald
Cut-off's:   NS: 1   Coulomb: 1   LJ: 1
Long Range LJ corr.: <C6> 2.9078e-04
System total charge: 0.000
Generated table with 1000 data points for Ewald.
Tabscale = 500 points/nm
Generated table with 1000 data points for LJ6.
Tabscale = 500 points/nm
Generated table with 1000 data points for LJ12.
Tabscale = 500 points/nm

Enabling SPC-like water optimization for 871 molecules.

Potential shift: LJ r^-12: 0.000e+00 r^-6: 0.000e+00, Ewald -0.000e+00
Initialized non-bonded Ewald correction tables, spacing: 9.33e-04 size: 2145

Removing pbc first time

NOTE: The number of threads is not equal to the number of (logical) cores
      and the -pin option is set to auto: will not pin thread to cores.
      This can lead to significant performance degradation.
      Consider using -pin on (and -pinoffset in case you run multiple jobs).


++++ PLEASE READ AND CITE THE FOLLOWING REFERENCE ++++
S. Miyamoto and P. A. Kollman
SETTLE: An Analytical Version of the SHAKE and RATTLE Algorithms for Rigid
Water Models
J. Comp. Chem. 13 (1992) pp. 952-962
-------- -------- --- Thank You --- -------- --------


Linking all bonded interactions to atoms

The initial number of communication pulses is: X 2
The initial domain decomposition cell size is: X 0.75 nm

When dynamic load balancing gets turned on, these settings will change to:
The maximum number of communication pulses is: X 2
The minimum size for domain decomposition cells is 0.500 nm
The requested allowed shrink of DD cells (option -dds) is: 0.80
The allowed shrink of domain decomposition cells is: X 0.67

Making 1D domain decomposition grid 4 x 1 x 1, home cell index 0 0 0

Center of mass motion removal mode is Linear
We have the following groups for center of mass motion removal:
  0:  rest
There are: 2613 Atoms
Charge group distribution at step 0: 213 223 224 211
Grid: 5 x 4 x 4 cells

Constraining the starting coordinates (step 0)

Constraining the coordinates at t0-dt (step 0)
RMS relative constraint deviation after constraining: 0.00e+00
Initial temperature: 303.477 K

Started mdrun on rank 0 Wed Mar 23 15:39:51 2016
           Step           Time         Lambda
              0        0.00000        0.00000


   Energies (kJ/mol)
        LJ (SR)  Disper. corr.   Coulomb (SR)   Coul. recip.      Potential
    9.53362e+03   -1.54009e+02   -5.43238e+04   -3.38879e+03   -4.83330e+04
    Kinetic En.   Total Energy  Conserved En.    Temperature Pres. DC (bar)
    6.58917e+03   -4.17438e+04   -4.17438e+04    3.03462e+02   -1.89435e+02
 Pressure (bar)
   -3.54024e+03

DD  step 9 load imb.: force 29.6%

At step 10 the performance loss due to force load imbalance is 12.5 %

NOTE: Turning on dynamic load balancing

DD  step 499999  vol min/aver 0.923  load imb.: force  1.2%

           Step           Time         Lambda
         500000     1000.00000        0.00000

Writing checkpoint, step 500000 at Wed Mar 23 15:48:27 2016


   Energies (kJ/mol)
        LJ (SR)  Disper. corr.   Coulomb (SR)   Coul. recip.      Potential
    7.79873e+03   -1.54009e+02   -4.53015e+04   -3.32065e+03   -4.09775e+04
    Kinetic En.   Total Energy  Conserved En.    Temperature Pres. DC (bar)
    6.39265e+03   -3.45848e+04   -3.95127e+04    2.94411e+02   -1.89435e+02
 Pressure (bar)
   -8.81332e+02

	<======  ###############  ==>
	<====  A V E R A G E S  ====>
	<==  ###############  ======>

	Statistics over 500001 steps using 5001 frames

   Energies (kJ/mol)
        LJ (SR)  Disper. corr.   Coulomb (SR)   Coul. recip.      Potential
    7.74683e+03   -1.54009e+02   -4.48848e+04   -3.31252e+03   -4.06045e+04
    Kinetic En.   Total Energy  Conserved En.    Temperature Pres. DC (bar)
    6.47306e+03   -3.41315e+04   -4.06083e+04    2.98114e+02   -1.89435e+02
 Pressure (bar)
   -6.96008e+02

   Total Virial (kJ/mol)
    2.72482e+03   -2.06499e+00    1.72201e+00
   -2.07387e+00    2.72096e+03    3.16645e-01
    1.71356e+00    3.22299e-01    2.72482e+03

   Pressure (bar)
   -6.98488e+02    2.74965e+00   -9.22118e-01
    2.76057e+00   -6.94084e+02    1.22210e-01
   -9.11725e-01    1.15255e-01   -6.95452e+02


	M E G A - F L O P S   A C C O U N T I N G

 NB=Group-cutoff nonbonded kernels    NxN=N-by-N cluster Verlet kernels
 RF=Reaction-Field  VdW=Van der Waals  QSTab=quadratic-spline table
 W3=SPC/TIP3p  W4=TIP4p (single or pairs)
 V&F=Potential and force  V=Potential only  F=Force only

 Computing:                               M-Number         M-Flops  % Flops
-----------------------------------------------------------------------------
 NB VdW & Elec. [W3-W3,V&F]          120548.934520      120548.935     0.9
 NB VdW & Elec. [W3-W3,F]          10402936.883302    10402936.883    77.4
 Calc Weights                          3919.507839      141102.282     1.1
 Spread Q Bspline                     83616.167232      167232.334     1.2
 Gather F Bspline                     83616.167232      501697.003     3.7
 3D-FFT                              217680.435360     1741443.483    13.0
 Solve PME                              312.500625       20000.040     0.1
 NS-Pairs                              8557.818726      179714.193     1.3
 Reset In Box                            43.550871         130.653     0.0
 CG-CoM                                 130.655226         391.966     0.0
 Virial                                  13.967793         251.420     0.0
 Stop-CM                                 13.070226         130.702     0.0
 Calc-Ekin                              261.305226        7055.241     0.1
 Constraint-V                          1306.505226       10452.042     0.1
 Constraint-Vir                          13.067613         313.623     0.0
 Settle                                 435.502613      140667.344     1.0
-----------------------------------------------------------------------------
 Total                                                13434068.144   100.0
-----------------------------------------------------------------------------


    D O M A I N   D E C O M P O S I T I O N   S T A T I S T I C S

 av. #atoms communicated per step for force:  2 x 3484.3

 Average load imbalance: 3.4 %
 Part of the total run time spent waiting due to load imbalance: 1.8 %
 Steps where the load balancing was limited by -rdd, -rcon and/or -dds: X 0 %


     R E A L   C Y C L E   A N D   T I M E   A C C O U N T I N G

On 4 MPI ranks

 Computing:          Num   Num      Call    Wall time         Giga-Cycles
                     Ranks Threads  Count      (s)         total sum    %
-----------------------------------------------------------------------------
 Domain decomp.         4    1      50001       5.596         53.600   1.1
 DD comm. load          4    1      50000       0.195          1.869   0.0
 DD comm. bounds        4    1      50000       0.301          2.881   0.1
 Neighbor search        4    1      50001      36.514        349.738   7.1
 Comm. coord.           4    1     500001       4.881         46.755   0.9
 Force                  4    1     500001     309.046       2960.106  59.9
 Wait + Comm. F         4    1     500001       3.235         30.981   0.6
 PME mesh               4    1     500001     121.167       1160.557  23.5
 Write traj.            4    1          2       0.005          0.044   0.0
 Update                 4    1     500001      15.087        144.506   2.9
 Constraints            4    1     500001      16.877        161.655   3.3
 Comm. energies         4    1      50001       0.413          3.957   0.1
 Rest                                           2.396         22.952   0.5
-----------------------------------------------------------------------------
 Total                                        515.713       4939.600 100.0
-----------------------------------------------------------------------------
 Breakdown of PME mesh computation
-----------------------------------------------------------------------------
 PME redist. X/F        4    1    1000002      28.063        268.797   5.4
 PME spread/gather      4    1    1000002      51.252        490.897   9.9
 PME 3D-FFT             4    1    1000002      27.537        263.755   5.3
 PME 3D-FFT Comm.       4    1    1000002       7.598         72.771   1.5
 PME solve Elec         4    1     500001       6.337         60.701   1.2
-----------------------------------------------------------------------------

               Core t (s)   Wall t (s)        (%)
       Time:     2064.266      515.713      400.3
                 (ns/day)    (hour/ns)
Performance:      167.535        0.143
Finished mdrun on rank 0 Wed Mar 23 15:48:27 2016
